Added Component: Designator=C6(C0805)
Added Component: Designator=C7(1608[0603])
Added Component: Designator=C8(C0805)
Added Component: Designator=C9(1608[0603])
Added Component: Designator=C10(1608[0603])
Added Component: Designator=C11(1608[0603])
Added Component: Designator=C12(1608[0603])
Added Component: Designator=C13(1608[0603])
Added Component: Designator=C14(1608[0603])
Added Component: Designator=C15(1608[0603])
Added Component: Designator=C16(1608[0603])
Added Component: Designator=R2(J1-0603)
Added Component: Designator=R3(J1-0603)
Added Component: Designator=R4(J1-0603)
Added Component: Designator=R5(J1-0603)
Added Component: Designator=R6(J1-0603)
Added Component: Designator=R7(J1-0603)
Added Component: Designator=R8(J1-0603)
Added Component: Designator=R9(J1-0603)
Added Component: Designator=R10(J1-0603)
Added Component: Designator=U4(*LFCSP28_ADE7953(Primary))
Added Pin To Net: NetName=NetC6_1 Pin=C6-1
Added Pin To Net: NetName=GND Pin=C6-2
Added Pin To Net: NetName=GND Pin=C7-1
Added Pin To Net: NetName=NetC6_1 Pin=C7-2
Added Pin To Net: NetName=NetC8_1 Pin=C8-1
Added Pin To Net: NetName=GND Pin=C8-2
Added Pin To Net: NetName=GND Pin=C9-1
Added Pin To Net: NetName=NetC8_1 Pin=C9-2
Added Pin To Net: NetName=V3V3 Pin=C10-2
Added Pin To Net: NetName=GND Pin=C11-1
Added Pin To Net: NetName=NetC11_2 Pin=C11-2
Added Pin To Net: NetName=NetC12_1 Pin=C12-1
Added Pin To Net: NetName=GND Pin=C12-2
Added Pin To Net: NetName=GND Pin=C13-1
Added Pin To Net: NetName=NetC13_2 Pin=C13-2
Added Pin To Net: NetName=NetC14_1 Pin=C14-1
Added Pin To Net: NetName=GND Pin=C14-2
Added Pin To Net: NetName=NetC15_1 Pin=C15-1
Added Pin To Net: NetName=GND Pin=C15-2
Added Pin To Net: NetName=GND Pin=C16-1
Added Pin To Net: NetName=NetC16_2 Pin=C16-2
Added Pin To Net: NetName=NetR2_1 Pin=R2-1
Added Pin To Net: NetName=NetC8_1 Pin=R2-2
Added Pin To Net: NetName=V3V3 Pin=R3-2
Added Pin To Net: NetName=NetC11_2 Pin=R4-1
Added Pin To Net: NetName=NetR4_2 Pin=R4-2
Added Pin To Net: NetName=NetC12_1 Pin=R5-1
Added Pin To Net: NetName=NetR4_2 Pin=R5-2
Added Pin To Net: NetName=NetC13_2 Pin=R6-1
Added Pin To Net: NetName=NetR4_2 Pin=R6-2
Added Pin To Net: NetName=NetC14_1 Pin=R7-1
Added Pin To Net: NetName=NetR4_2 Pin=R7-2
Added Pin To Net: NetName=GND Pin=R8-1
Added Pin To Net: NetName=NetC15_1 Pin=R8-2
Added Pin To Net: NetName=NetC16_2 Pin=R9-1
Added Pin To Net: NetName=NetR4_2 Pin=R9-2
Added Pin To Net: NetName=NetC16_2 Pin=R10-1
Added Pin To Net: NetName=GND Pin=R10-2
Added Pin To Net: NetName=NetR2_1 Pin=U4-3
Added Pin To Net: NetName=NetU4_4 Pin=U4-4
Added Pin To Net: NetName=NetC11_2 Pin=U4-5
Added Pin To Net: NetName=NetC12_1 Pin=U4-6
Added Pin To Net: NetName=V3V3 Pin=U4-7
Added Pin To Net: NetName=V3V3 Pin=U4-8
Added Pin To Net: NetName=NetC13_2 Pin=U4-9
Added Pin To Net: NetName=NetC14_1 Pin=U4-10
Added Pin To Net: NetName=NetC15_1 Pin=U4-11
Added Pin To Net: NetName=NetC16_2 Pin=U4-12
Added Pin To Net: NetName=NetC6_1 Pin=U4-15
Added Pin To Net: NetName=NetU4_4 Pin=U4-16
Added Pin To Net: NetName=V3V3 Pin=U4-17
Added Pin To Net: NetName=GND Pin=U4-EXP
Added Member To Class: ClassName=CircuitoMedidorADE Member=Component C6 Cap Pol3
Added Member To Class: ClassName=CircuitoMedidorADE Member=Component C7 Cap
Added Member To Class: ClassName=CircuitoMedidorADE Member=Component C8 Cap Pol3
Added Member To Class: ClassName=CircuitoMedidorADE Member=Component C9 Cap
Added Member To Class: ClassName=CircuitoMedidorADE Member=Component C10 Cap
Added Member To Class: ClassName=CircuitoMedidorADE Member=Component C11 Cap
Added Member To Class: ClassName=CircuitoMedidorADE Member=Component C12 Cap
Added Member To Class: ClassName=CircuitoMedidorADE Member=Component C13 Cap
Added Member To Class: ClassName=CircuitoMedidorADE Member=Component C14 Cap
Added Member To Class: ClassName=CircuitoMedidorADE Member=Component C15 Cap
Added Member To Class: ClassName=CircuitoMedidorADE Member=Component C16 Cap
Added Member To Class: ClassName=CircuitoMedidorADE Member=Component R2 Res3
Added Member To Class: ClassName=CircuitoMedidorADE Member=Component R3 Res3
Added Member To Class: ClassName=CircuitoMedidorADE Member=Component R4 Res3
Added Member To Class: ClassName=CircuitoMedidorADE Member=Component R5 Res3
Added Member To Class: ClassName=CircuitoMedidorADE Member=Component R6 Res3
Added Member To Class: ClassName=CircuitoMedidorADE Member=Component R7 Res3
Added Member To Class: ClassName=CircuitoMedidorADE Member=Component R8 Res3
Added Member To Class: ClassName=CircuitoMedidorADE Member=Component R9 Res3
Added Member To Class: ClassName=CircuitoMedidorADE Member=Component R10 Res3
Added Member To Class: ClassName=CircuitoMedidorADE Member=Component U4 ADE7953
Added Room: Name=CircuitoMedidorADE
