Removed Pin From Net: NetName=M_GND Pin=C6-2
Removed Pin From Net: NetName=M_GND Pin=C7-1
Removed Pin From Net: NetName=M_GND Pin=C11-1
Removed Pin From Net: NetName=M_GND Pin=C12-2
Removed Pin From Net: NetName=M_GND Pin=C15-1
Removed Pin From Net: NetName=M_GND Pin=C18-2
Removed Pin From Net: NetName=M_GND Pin=C19-2
Removed Pin From Net: NetName=M_GND Pin=C20-1
Removed Pin From Net: NetName=NEGATIVE_REF Pin=P5-1
Removed Pin From Net: NetName=REF Pin=P5-2
Removed Pin From Net: NetName=MISO_RX Pin=R4-1
Removed Pin From Net: NetName=M_V3V3 Pin=R4-2
Removed Pin From Net: NetName=M_V3V3 Pin=R5-2
Removed Pin From Net: NetName=M_V3V3 Pin=R6-2
Removed Pin From Net: NetName=NetC15_2 Pin=R12-1
Removed Pin From Net: NetName=NetC18_1 Pin=R15-1
Removed Pin From Net: NetName=M_GND Pin=R16-1
Removed Pin From Net: NetName=M_GND Pin=R18-2
Removed Pin From Net: NetName=M_GND Pin=U4-4
Removed Pin From Net: NetName=NetC15_2 Pin=U4-9
Removed Pin From Net: NetName=NetC18_1 Pin=U4-10
Removed Pin From Net: NetName=M_GND Pin=U4-16
Removed Member From Class: ClassName=CircuitoMedidorADE Member=C15
Removed Member From Class: ClassName=CircuitoMedidorADE Member=C18
Removed Member From Class: ClassName=CircuitoMedidorADE Member=C19
Removed Member From Class: ClassName=CircuitoMedidorADE Member=C20
Removed Member From Class: ClassName=Micro Member=P5
Removed Member From Class: ClassName=CircuitoMedidorADE Member=R4
Removed Member From Class: ClassName=CircuitoMedidorADE Member=R5
Removed Member From Class: ClassName=CircuitoMedidorADE Member=R6
Removed Member From Class: ClassName=CircuitoMedidorADE Member=R8
Removed Member From Class: ClassName=CircuitoMedidorADE Member=R11
Removed Member From Class: ClassName=CircuitoMedidorADE Member=R12
Removed Member From Class: ClassName=CircuitoMedidorADE Member=R15
Removed Member From Class: ClassName=CircuitoMedidorADE Member=R16
Removed Member From Class: ClassName=CircuitoMedidorADE Member=R17
Removed Member From Class: ClassName=CircuitoMedidorADE Member=R18
Change Component DesignItemId : Designator=C11 Old DesignItemId=Cap New DesignItemId=Cap Pol3
Change Component Footprint: Designator=C11 Old Footprint=1608[0603] New Footprint=C0805
Change Component Comment : Designator=U5 Old Comment=ADUM1411ARWZ-RL New Comment=aDUM1412
Change Component Comment : Designator=C11 Old Comment=Cap New Comment=Cap Pol3
Change Component Comment : Designator=R8 Old Comment=Res3 New Comment=Low tolerance resist
Change Component Comment : Designator=R12 Old Comment=Res3 New Comment=Low tolerance resistor
Change Component Comment : Designator=R11 Old Comment=Res3 New Comment=Res Shunt
Added Component: Designator=C1(C1206)
Added Component: Designator=C2(C1206)
Added Component: Designator=C3(C1206)
Added Component: Designator=C21(C1206)
Added Component: Designator=C22(C1206)
Added Component: Designator=C23(C1206)
Added Component: Designator=C24(C1206)
Added Component: Designator=C25(C1206)
Added Component: Designator=D1(SMB)
Added Component: Designator=D4(SMB)
Added Component: Designator=Eth1(wiz8)
Added Component: Designator=L1(INDC4532)
Added Component: Designator=L2(INDC4532)
Added Component: Designator=P1(ConectorPrsr)
Added Component: Designator=P2(ConectorPrsr)
Added Component: Designator=P3(ConectorPrsr)
Added Component: Designator=Q3(E3)
Added Component: Designator=Q4(TO-226-AA)
Added Component: Designator=Rel1(ReleSRD)
Added Component: Designator=U1(SOIC127P1033X264-14N)
Added Component: Designator=U2(MP04A_N)
Added Component: Designator=U6(*SOIC127P600X175-8N)
Added Component: Designator=U7(SOIC127P1033X264-14N)
Added Component: Designator=U8(MP04A_N)
Added Pin To Net: NetName=GND Pin=C1-1
Added Pin To Net: NetName=GND Pin=C2-1
Added Pin To Net: NetName=NetC2_2 Pin=C2-2
Added Pin To Net: NetName=GND Pin=C3-1
Added Pin To Net: NetName=V3V3 Pin=C3-2
Added Pin To Net: NetName=M_V3V3 Pin=C11-1
Added Pin To Net: NetName=M_V3V3 Pin=C12-2
Added Pin To Net: NetName=GND Pin=C22-1
Added Pin To Net: NetName=M_GND Pin=C23-1
Added Pin To Net: NetName=M_GND Pin=C24-1
Added Pin To Net: NetName=M_GND Pin=C25-1
Added Pin To Net: NetName=M_V3V3 Pin=C25-2
Added Pin To Net: NetName=GND Pin=D1-1
Added Pin To Net: NetName=OUTLM Pin=D1-2
Added Pin To Net: NetName=M_GND Pin=D4-1
Added Pin To Net: NetName=OUTLM Pin=D4-2
Added Pin To Net: NetName=GND Pin=Eth1-1
Added Pin To Net: NetName=GND Pin=Eth1-2
Added Pin To Net: NetName=GND Pin=Eth1-7
Added Pin To Net: NetName=V3V3 Pin=Eth1-8
Added Pin To Net: NetName=V3V3 Pin=Eth1-9
Added Pin To Net: NetName=NetC2_2 Pin=L1-1
Added Pin To Net: NetName=OUTLM Pin=L1-2
Added Pin To Net: NetName=OUTLM Pin=L2-2
Added Pin To Net: NetName=M_GND Pin=P1-1
Added Pin To Net: NetName=GND Pin=P1-3
Added Pin To Net: NetName=NetP3_1 Pin=P3-1
Added Pin To Net: NetName=V3V3 Pin=Q3-1
Added Pin To Net: NetName=NetC15_2 Pin=R4-2
Added Pin To Net: NetName=NetC15_2 Pin=R5-2
Added Pin To Net: NetName=NetC18_1 Pin=R6-1
Added Pin To Net: NetName=NetP3_1 Pin=Rel1-2
Added Pin To Net: NetName=GND Pin=Rel1-3
Added Pin To Net: NetName=NetC2_2 Pin=U1-3
Added Pin To Net: NetName=GND Pin=U1-4
Added Pin To Net: NetName=GND Pin=U1-5
Added Pin To Net: NetName=GND Pin=U1-6
Added Pin To Net: NetName=OUTLM Pin=U1-12
Added Pin To Net: NetName=GND Pin=U2-1
Added Pin To Net: NetName=V3V3 Pin=U2-2
Added Pin To Net: NetName=NetC2_2 Pin=U2-3
Added Pin To Net: NetName=NetC18_1 Pin=U4-11
Added Pin To Net: NetName=NetC15_2 Pin=U4-12
Added Pin To Net: NetName=M_GND Pin=U4-25
Added Pin To Net: NetName=M_V3V3 Pin=U4-28
Added Pin To Net: NetName=MISO_RX Pin=U5-13
Added Pin To Net: NetName=GND Pin=U6-3
Added Pin To Net: NetName=M_GND Pin=U7-4
Added Pin To Net: NetName=M_GND Pin=U7-5
Added Pin To Net: NetName=M_GND Pin=U7-6
Added Pin To Net: NetName=OUTLM Pin=U7-12
Added Pin To Net: NetName=M_GND Pin=U8-1
Added Pin To Net: NetName=M_V3V3 Pin=U8-2
Change Net Name : Old Net Name=GND New Net Name=DCIN3
Change Net Name : Old Net Name=M_GND New Net Name=DCIN1
Change Net Name : Old Net Name=M_V3V3 New Net Name=CS
Added Pin To Net: NetName=ANALOG Pin=C6-2
Added Pin To Net: NetName=ANALOG Pin=C7-1
Added Pin To Net: NetName=ANALOG Pin=C11-2
Added Pin To Net: NetName=ANALOG Pin=C12-1
Added Pin To Net: NetName=ANALOG Pin=C15-1
Added Pin To Net: NetName=ANALOG Pin=C18-2
Added Pin To Net: NetName=ANALOG Pin=C19-1
Added Pin To Net: NetName=ANALOG Pin=C20-2
Added Pin To Net: NetName=ANALOG Pin=P4-3
Added Pin To Net: NetName=ANALOG Pin=R5-1
Added Pin To Net: NetName=ANALOG Pin=R6-2
Added Pin To Net: NetName=ANALOG Pin=U4-16
Added Net: Name=ANALOG
Added Pin To Net: NetName=CURRENT_MEASUREMENTA Pin=P4-2
Added Pin To Net: NetName=CURRENT_MEASUREMENTA Pin=R8-2
Added Pin To Net: NetName=CURRENT_MEASUREMENTA Pin=R11-1
Added Net: Name=CURRENT_MEASUREMENTA
Added Pin To Net: NetName=CURRENT_MEASUREMENTB Pin=P4-1
Added Pin To Net: NetName=CURRENT_MEASUREMENTB Pin=R11-2
Added Pin To Net: NetName=CURRENT_MEASUREMENTB Pin=R12-2
Added Net: Name=CURRENT_MEASUREMENTB
Added Pin To Net: NetName=DCIN2 Pin=C23-2
Added Pin To Net: NetName=DCIN2 Pin=P1-2
Added Pin To Net: NetName=DCIN2 Pin=U7-10
Added Net: Name=DCIN2
Added Pin To Net: NetName=DCIN4 Pin=C1-2
Added Pin To Net: NetName=DCIN4 Pin=P1-4
Added Pin To Net: NetName=DCIN4 Pin=U1-10
Added Net: Name=DCIN4
Added Pin To Net: NetName=IRQAD Pin=R2-1
Added Pin To Net: NetName=IRQAD Pin=U5-12
Added Net: Name=IRQAD
Added Pin To Net: NetName=NetC19_2 Pin=C19-2
Added Pin To Net: NetName=NetC19_2 Pin=R8-1
Added Pin To Net: NetName=NetC19_2 Pin=U4-5
Added Net: Name=NetC19_2
Added Pin To Net: NetName=NetC20_1 Pin=C20-1
Added Pin To Net: NetName=NetC20_1 Pin=R12-1
Added Pin To Net: NetName=NetC20_1 Pin=U4-6
Added Net: Name=NetC20_1
Added Pin To Net: NetName=NetC22_2 Pin=C22-2
Added Pin To Net: NetName=NetC22_2 Pin=R15-2
Added Net: Name=NetC22_2
Added Pin To Net: NetName=NetC24_2 Pin=C24-2
Added Pin To Net: NetName=NetC24_2 Pin=L2-1
Added Pin To Net: NetName=NetC24_2 Pin=U7-3
Added Pin To Net: NetName=NetC24_2 Pin=U8-3
Added Net: Name=NetC24_2
Added Pin To Net: NetName=NetEth1_3 Pin=Eth1-3
Added Pin To Net: NetName=NetEth1_3 Pin=U3-45
Added Net: Name=NetEth1_3
Added Pin To Net: NetName=NetEth1_4 Pin=Eth1-4
Added Pin To Net: NetName=NetEth1_4 Pin=U3-47
Added Net: Name=NetEth1_4
Added Pin To Net: NetName=NetEth1_5 Pin=Eth1-5
Added Pin To Net: NetName=NetEth1_5 Pin=U3-44
Added Net: Name=NetEth1_5
Added Pin To Net: NetName=NetEth1_6 Pin=Eth1-6
Added Pin To Net: NetName=NetEth1_6 Pin=U3-48
Added Net: Name=NetEth1_6
Added Pin To Net: NetName=NetEth1_10 Pin=Eth1-10
Added Pin To Net: NetName=NetEth1_10 Pin=U3-49
Added Net: Name=NetEth1_10
Added Pin To Net: NetName=NetEth1_11 Pin=Eth1-11
Added Pin To Net: NetName=NetEth1_11 Pin=U3-50
Added Net: Name=NetEth1_11
Added Pin To Net: NetName=NetEth1_12 Pin=Eth1-12
Added Pin To Net: NetName=NetEth1_12 Pin=U3-46
Added Net: Name=NetEth1_12
Added Pin To Net: NetName=NetP2_1 Pin=P2-1
Added Pin To Net: NetName=NetP2_1 Pin=P2-2
Added Pin To Net: NetName=NetP2_1 Pin=P2-3
Added Pin To Net: NetName=NetP2_1 Pin=P2-4
Added Net: Name=NetP2_1
Added Pin To Net: NetName=NetP3_2 Pin=P3-2
Added Pin To Net: NetName=NetP3_2 Pin=Rel1-4
Added Net: Name=NetP3_2
Added Pin To Net: NetName=NetP4_4 Pin=P4-4
Added Pin To Net: NetName=NetP4_4 Pin=R4-1
Added Net: Name=NetP4_4
Added Pin To Net: NetName=NetQ3_2 Pin=Q3-2
Added Net: Name=NetQ3_2
Added Pin To Net: NetName=NetQ3_3 Pin=Q3-3
Added Pin To Net: NetName=NetQ3_3 Pin=Rel1-1
Added Net: Name=NetQ3_3
Added Pin To Net: NetName=NetQ4_2 Pin=Q4-2
Added Pin To Net: NetName=NetQ4_2 Pin=U6-6
Added Net: Name=NetQ4_2
Added Pin To Net: NetName=NetQ4_3 Pin=Q4-3
Added Pin To Net: NetName=NetQ4_3 Pin=U6-5
Added Net: Name=NetQ4_3
Added Pin To Net: NetName=NetR15_1 Pin=R15-1
Added Pin To Net: NetName=NetR15_1 Pin=U6-2
Added Net: Name=NetR15_1
Added Pin To Net: NetName=NetU3_30 Pin=U3-30
Added Pin To Net: NetName=NetU3_30 Pin=U5-3
Added Net: Name=NetU3_30
Added Pin To Net: NetName=NetU3_31 Pin=U3-31
Added Pin To Net: NetName=NetU3_31 Pin=U5-5
Added Net: Name=NetU3_31
Added Pin To Net: NetName=NetU3_32 Pin=U3-32
Added Pin To Net: NetName=NetU3_32 Pin=U5-6
Added Net: Name=NetU3_32
Added Pin To Net: NetName=NetU3_33 Pin=U3-33
Added Pin To Net: NetName=NetU3_33 Pin=U5-4
Added Net: Name=NetU3_33
Added Pin To Net: NetName=NetU4_9 Pin=U4-9
Added Net: Name=NetU4_9
Added Pin To Net: NetName=NetU4_10 Pin=U4-10
Added Net: Name=NetU4_10
Added Pin To Net: NetName=RESETT Pin=R7-1
Added Pin To Net: NetName=RESETT Pin=U5-14
Added Net: Name=RESETT
Added Pin To Net: NetName=SAL3 Pin=C21-1
Added Pin To Net: NetName=SAL3 Pin=P3-3
Added Pin To Net: NetName=SAL3 Pin=U6-4
Added Net: Name=SAL3
Added Pin To Net: NetName=SAL4 Pin=C21-2
Added Pin To Net: NetName=SAL4 Pin=P3-4
Added Pin To Net: NetName=SAL4 Pin=Q4-1
Added Pin To Net: NetName=SAL4 Pin=U6-7
Added Net: Name=SAL4
Added Class: Name=Alimentacion
Added Class: Name=comms
Added Member To Class: ClassName=ParteAnalogicaMedicion Member=Component C15 Cap
Added Member To Class: ClassName=ParteAnalogicaMedicion Member=Component C18 Cap
Added Member To Class: ClassName=ParteAnalogicaMedicion Member=Component C19 Cap
Added Member To Class: ClassName=ParteAnalogicaMedicion Member=Component C20 Cap
Added Member To Class: ClassName=ParteAnalogicaMedicion Member=Component R4 Res3
Added Member To Class: ClassName=ParteAnalogicaMedicion Member=Component R5 Res3
Added Member To Class: ClassName=ParteAnalogicaMedicion Member=Component R6 Res3
Added Member To Class: ClassName=ParteAnalogicaMedicion Member=Component R8 Low tolerance resist
Added Member To Class: ClassName=ParteAnalogicaMedicion Member=Component R11 Res Shunt
Added Member To Class: ClassName=ParteAnalogicaMedicion Member=Component R12 Low tolerance resistor
Added Room: Name=Alimentacion
Added Room: Name=comms
