Removed Pin From Net: NetName=GND Pin=C6-2
Removed Pin From Net: NetName=GND Pin=C7-1
Removed Pin From Net: NetName=GND Pin=C8-2
Removed Pin From Net: NetName=GND Pin=C9-1
Removed Pin From Net: NetName=V3V3 Pin=C10-2
Removed Pin From Net: NetName=GND Pin=C11-1
Removed Pin From Net: NetName=GND Pin=C12-2
Removed Pin From Net: NetName=GND Pin=C13-1
Removed Pin From Net: NetName=GND Pin=C14-2
Removed Pin From Net: NetName=GND Pin=C15-2
Removed Pin From Net: NetName=GND Pin=C16-1
Removed Pin From Net: NetName=GND Pin=D2-2
Removed Pin From Net: NetName=NetC10_1 Pin=R3-1
Removed Pin From Net: NetName=V3V3 Pin=R3-2
Removed Pin From Net: NetName=NetC12_1 Pin=R5-1
Removed Pin From Net: NetName=NetC13_2 Pin=R6-1
Removed Pin From Net: NetName=GND Pin=R8-1
Removed Pin From Net: NetName=GND Pin=R10-2
Removed Pin From Net: NetName=GND Pin=U4-4
Removed Pin From Net: NetName=V3V3 Pin=U4-7
Removed Pin From Net: NetName=V3V3 Pin=U4-8
Removed Pin From Net: NetName=NetC13_2 Pin=U4-9
Removed Pin From Net: NetName=GND Pin=U4-14
Removed Pin From Net: NetName=GND Pin=U4-16
Removed Pin From Net: NetName=V3V3 Pin=U4-17
Removed Pin From Net: NetName=NetD2_1 Pin=U4-18
Removed Pin From Net: NetName=NetD2_1 Pin=U4-25
Removed Pin From Net: NetName=NetD2_1 Pin=U4-27
Removed Pin From Net: NetName=NetD2_1 Pin=U4-28
Removed Pin From Net: NetName=GND Pin=U4-EXP
Removed Member From Class: ClassName=Hoja1 Member=P4
Change Component DesignItemId : Designator=C16 Old DesignItemId=Cap New DesignItemId=Cap Pol3
Change Component DesignItemId : Designator=D2 Old DesignItemId=D Schottky New DesignItemId=LED2
Change Component Footprint: Designator=C16 Old Footprint=1608[0603] New Footprint=C0805
Change Component Footprint: Designator=D2 Old Footprint=SMB New Footprint=3.2X1.6X1.1
Change Component Comment : Designator=C16 Old Comment=Cap New Comment=Cap Pol3
Change Component Comment : Designator=D2 Old Comment=D Schottky New Comment=LED2
Change Component Designator: OldDesignator=C15 NewDesignator=C19
Change Component Designator: OldDesignator=R8 NewDesignator=R13
Change Component Designator: OldDesignator=R9 NewDesignator=R14
Added Component: Designator=C15(1608[0603])
Added Component: Designator=C17(1608[0603])
Added Component: Designator=C18(1608[0603])
Added Component: Designator=C20(1608[0603])
Added Component: Designator=D?(3.2X1.6X1.1)
Added Component: Designator=Q1(SOT-23B_N)
Added Component: Designator=Q2(SOT-23B_N)
Added Component: Designator=R8(J1-0603)
Added Component: Designator=R9(J1-0603)
Added Component: Designator=R11(J1-0603)
Added Component: Designator=R12(J1-0603)
Added Component: Designator=R15(J1-0603)
Added Component: Designator=R16(J1-0603)
Added Component: Designator=R17(J1-0603)
Added Component: Designator=R18(J1-0603)
Added Component: Designator=U?(*SOIC127P1032X265-16N)
Added Component: Designator=Y2(R38)
Added Pin To Net: NetName=NetC12_1 Pin=R5-1
Added Pin To Net: NetName=NetD2_1 Pin=R10-1
Added Pin To Net: NetName=NetC13_2 Pin=U4-18
Added Pin To Net: NetName=GND Pin=U?-7
Added Pin To Net: NetName=GND Pin=U?-9
Added Pin To Net: NetName=GND Pin=U?-15
Added Pin To Net: NetName=NetC13_2 Pin=Y2-1
Change Net Name : Old Net Name=NetC15_1 New Net Name=NetC19_1
Change Net Name : Old Net Name=NetR9_2 New Net Name=NetR14_2
Added Pin To Net: NetName=3V3 Pin=U?-1
Added Net: Name=3V3
Added Pin To Net: NetName=CS Pin=R18-1
Added Pin To Net: NetName=CS Pin=U4-28
Added Pin To Net: NetName=CS Pin=U?-14
Added Net: Name=CS
Added Pin To Net: NetName=M_GND Pin=C6-2
Added Pin To Net: NetName=M_GND Pin=C7-1
Added Pin To Net: NetName=M_GND Pin=C8-2
Added Pin To Net: NetName=M_GND Pin=C9-1
Added Pin To Net: NetName=M_GND Pin=C11-1
Added Pin To Net: NetName=M_GND Pin=C12-2
Added Pin To Net: NetName=M_GND Pin=C13-1
Added Pin To Net: NetName=M_GND Pin=C14-1
Added Pin To Net: NetName=M_GND Pin=C13-1
Added Pin To Net: NetName=M_GND Pin=C16-2
Added Pin To Net: NetName=M_GND Pin=C17-1
Added Pin To Net: NetName=M_GND Pin=C14-2
Added Pin To Net: NetName=M_GND Pin=C19-2
Added Pin To Net: NetName=M_GND Pin=C16-1
Added Pin To Net: NetName=M_GND Pin=D2-2
Added Pin To Net: NetName=M_GND Pin=D?-2
Added Pin To Net: NetName=M_GND Pin=R13-1
Added Pin To Net: NetName=M_GND Pin=R10-2
Added Pin To Net: NetName=M_GND Pin=U4-4
Added Pin To Net: NetName=M_GND Pin=U4-16
Added Pin To Net: NetName=M_GND Pin=U?-2
Added Pin To Net: NetName=M_GND Pin=U?-8
Added Pin To Net: NetName=M_GND Pin=U?-10
Added Net: Name=M_GND
Added Pin To Net: NetName=M_V3V3 Pin=C10-2
Added Pin To Net: NetName=M_V3V3 Pin=Q1-1
Added Pin To Net: NetName=M_V3V3 Pin=Q2-1
Added Pin To Net: NetName=M_V3V3 Pin=R3-2
Added Pin To Net: NetName=M_V3V3 Pin=R5-2
Added Pin To Net: NetName=M_V3V3 Pin=R6-2
Added Pin To Net: NetName=M_V3V3 Pin=R7-2
Added Pin To Net: NetName=M_V3V3 Pin=R16-2
Added Pin To Net: NetName=M_V3V3 Pin=R17-2
Added Pin To Net: NetName=M_V3V3 Pin=R18-2
Added Pin To Net: NetName=M_V3V3 Pin=U4-17
Added Pin To Net: NetName=M_V3V3 Pin=U?-16
Added Net: Name=M_V3V3
Added Pin To Net: NetName=MISO_RX Pin=R16-1
Added Pin To Net: NetName=MISO_RX Pin=U4-27
Added Net: Name=MISO_RX
Added Pin To Net: NetName=MOSI_TX Pin=U4-26
Added Net: Name=MOSI_TX
Added Pin To Net: NetName=NetC14_2 Pin=C14-2
Added Pin To Net: NetName=NetC14_2 Pin=Y2-2
Added Net: Name=NetC14_2
Added Pin To Net: NetName=NetC15_2 Pin=C13-2
Added Pin To Net: NetName=NetC15_2 Pin=R6-1
Added Pin To Net: NetName=NetC15_2 Pin=U4-9
Added Net: Name=NetC15_2
Added Pin To Net: NetName=NetC16_1 Pin=C16-1
Added Pin To Net: NetName=NetC16_1 Pin=C17-2
Added Net: Name=NetC16_1
Added Pin To Net: NetName=NetC18_1 Pin=C14-1
Added Pin To Net: NetName=NetC18_1 Pin=R7-1
Added Pin To Net: NetName=NetC18_1 Pin=U4-10
Added Net: Name=NetC18_1
Added Pin To Net: NetName=NetC20_2 Pin=C16-2
Added Pin To Net: NetName=NetC20_2 Pin=R14-1
Added Pin To Net: NetName=NetC20_2 Pin=R10-1
Added Pin To Net: NetName=NetC20_2 Pin=U4-12
Added Net: Name=NetC20_2
Added Pin To Net: NetName=NetD?_1 Pin=D?-1
Added Pin To Net: NetName=NetD?_1 Pin=R11-1
Added Net: Name=NetD?_1
Added Pin To Net: NetName=NetQ1_2 Pin=Q1-2
Added Pin To Net: NetName=NetQ1_2 Pin=R6-1
Added Pin To Net: NetName=NetQ1_2 Pin=U4-24
Added Net: Name=NetQ1_2
Added Pin To Net: NetName=NetQ1_3 Pin=Q1-3
Added Pin To Net: NetName=NetQ1_3 Pin=R10-2
Added Net: Name=NetQ1_3
Added Pin To Net: NetName=NetQ2_2 Pin=Q2-2
Added Pin To Net: NetName=NetQ2_2 Pin=R7-1
Added Net: Name=NetQ2_2
Added Pin To Net: NetName=NetQ2_3 Pin=Q2-3
Added Pin To Net: NetName=NetQ2_3 Pin=R11-2
Added Net: Name=NetQ2_3
Added Pin To Net: NetName=NetR5_1 Pin=R5-1
Added Pin To Net: NetName=NetR5_1 Pin=U2-18
Added Net: Name=NetR5_1
Added Pin To Net: NetName=NetR8_2 Pin=R5-2
Added Net: Name=NetR8_2
Added Pin To Net: NetName=NetR9_2 Pin=R6-2
Added Net: Name=NetR9_2
Added Pin To Net: NetName=NetR12_2 Pin=R7-2
Added Net: Name=NetR12_2
Added Pin To Net: NetName=NetU2_14 Pin=U2-14
Added Pin To Net: NetName=NetU2_14 Pin=U?-4
Added Net: Name=NetU2_14
Added Pin To Net: NetName=NetU2_15 Pin=U2-15
Added Pin To Net: NetName=NetU2_15 Pin=U?-6
Added Net: Name=NetU2_15
Added Pin To Net: NetName=NetU2_16 Pin=U2-16
Added Net: Name=NetU2_16
Added Pin To Net: NetName=NetU2_17 Pin=U2-17
Added Net: Name=NetU2_17
Added Pin To Net: NetName=NetU2_19 Pin=U2-19
Added Net: Name=NetU2_19
Added Pin To Net: NetName=NetU4_20 Pin=U4-20
Added Net: Name=NetU4_20
Added Pin To Net: NetName=NetU4_21 Pin=U4-21
Added Net: Name=NetU4_21
Added Pin To Net: NetName=NetU?_3 Pin=U?-3
Added Net: Name=NetU?_3
Added Pin To Net: NetName=SCLK Pin=R17-1
Added Pin To Net: NetName=SCLK Pin=U4-25
Added Pin To Net: NetName=SCLK Pin=U?-12
Added Net: Name=SCLK
Added Class: Name=ParteAnalogicaMedicion
Added Member To Class: ClassName=CircuitoMedidorADE Member=Component C17 Cap
Added Member To Class: ClassName=CircuitoMedidorADE Member=Component C18 Cap
Added Member To Class: ClassName=CircuitoMedidorADE Member=Component C19 Cap
Added Member To Class: ClassName=CircuitoMedidorADE Member=Component C20 Cap
Added Member To Class: ClassName=CircuitoMedidorADE Member=Component D? LED2
Added Member To Class: ClassName=CircuitoMedidorADE Member=Component Q1 PNP
Added Member To Class: ClassName=CircuitoMedidorADE Member=Component Q2 PNP
Added Member To Class: ClassName=CircuitoMedidorADE Member=Component R11 Res3
Added Member To Class: ClassName=CircuitoMedidorADE Member=Component R12 Res3
Added Member To Class: ClassName=CircuitoMedidorADE Member=Component R13 Res3
Added Member To Class: ClassName=CircuitoMedidorADE Member=Component R14 Res3
Added Member To Class: ClassName=CircuitoMedidorADE Member=Component R15 Res3
Added Member To Class: ClassName=CircuitoMedidorADE Member=Component R16 Res3
Added Member To Class: ClassName=CircuitoMedidorADE Member=Component R17 Res3
Added Member To Class: ClassName=CircuitoMedidorADE Member=Component R18 Res3
Added Member To Class: ClassName=CircuitoMedidorADE Member=Component U? ADUM1411ARWZ-RL
Added Member To Class: ClassName=CircuitoMedidorADE Member=Component Y2 XTAL 3.58MHZ
Added Room: Name=ParteAnalogicaMedicion
