Removed Pin From Net: NetName=GND Pin=C4-1
Removed Pin From Net: NetName=3V Pin=C4-2
Removed Pin From Net: NetName=GND Pin=C5-1
Removed Pin From Net: NetName=3V Pin=C5-2
Removed Pin From Net: NetName=NetP5_1 Pin=P5-3
Removed Pin From Net: NetName=NetP5_1 Pin=P5-5
Removed Pin From Net: NetName=NetP5_1 Pin=P5-7
Removed Pin From Net: NetName=NetP5_1 Pin=P5-12
Removed Pin From Net: NetName=NetP5_1 Pin=P5-14
Removed Member From Class: ClassName=Micro Member=C4
Removed Member From Class: ClassName=Micro Member=C5
Change Component DesignItemId : Designator=C3 Old DesignItemId=Cap New DesignItemId=Cap Semi
Change Component Footprint: Designator=C3 Old Footprint=RAD-0.3 New Footprint=C1206
Change Component Comment : Designator=C3 Old Comment=Cap New Comment=Cap Semi
Added Component: Designator=R1(J1-0603)
Added Pin To Net: NetName=3V Pin=R1-1
Added Pin To Net: NetName=3V Pin=U2-64
Added Pin To Net: NetName=NetP5_3 Pin=P5-3
Added Net: Name=NetP5_3
Added Pin To Net: NetName=NetP5_5 Pin=P5-5
Added Net: Name=NetP5_5
Added Pin To Net: NetName=NetP5_7 Pin=P5-7
Added Net: Name=NetP5_7
Added Pin To Net: NetName=NetP5_11 Pin=P5-11
Added Pin To Net: NetName=NetP5_11 Pin=R1-2
Added Net: Name=NetP5_11
Added Pin To Net: NetName=NetP5_12 Pin=P5-12
Added Net: Name=NetP5_12
Added Pin To Net: NetName=NetP5_14 Pin=P5-14
Added Net: Name=NetP5_14
Added Member To Class: ClassName=Micro Member=Component R1 Res3
