Change Component Designator: OldDesignator=C? NewDesignator=C6
Change Component Designator: OldDesignator=C? NewDesignator=C7
Change Component Designator: OldDesignator=C? NewDesignator=C8
Change Component Designator: OldDesignator=C? NewDesignator=C9
Change Component Designator: OldDesignator=C? NewDesignator=C10
Change Component Designator: OldDesignator=C? NewDesignator=C11
Change Component Designator: OldDesignator=C? NewDesignator=C12
Change Component Designator: OldDesignator=C? NewDesignator=C13
Change Component Designator: OldDesignator=C? NewDesignator=C14
Change Component Designator: OldDesignator=C? NewDesignator=C15
Change Component Designator: OldDesignator=C? NewDesignator=C16
Change Component Designator: OldDesignator=R? NewDesignator=R2
Change Component Designator: OldDesignator=R? NewDesignator=R3
Change Component Designator: OldDesignator=R? NewDesignator=R4
Change Component Designator: OldDesignator=R? NewDesignator=R5
Change Component Designator: OldDesignator=R? NewDesignator=R6
Change Component Designator: OldDesignator=R? NewDesignator=R7
Change Component Designator: OldDesignator=R? NewDesignator=R8
Change Component Designator: OldDesignator=R? NewDesignator=R9
Change Component Designator: OldDesignator=R? NewDesignator=R10
Change Net Name : Old Net Name=NetC?_1 New Net Name=NetC8_1
Change Net Name : Old Net Name=NetC?_2 New Net Name=NetC13_2
Change Net Name : Old Net Name=NetR?_1 New Net Name=NetR2_1
Change Net Name : Old Net Name=NetR?_2 New Net Name=NetR4_2
Added Pin To Net: NetName=NetC6_1 Pin=C6-1
Added Pin To Net: NetName=NetC6_1 Pin=C7-2
Added Pin To Net: NetName=NetC6_1 Pin=U4-15
Added Net: Name=NetC6_1
Added Pin To Net: NetName=NetC11_2 Pin=C11-2
Added Pin To Net: NetName=NetC11_2 Pin=R4-1
Added Pin To Net: NetName=NetC11_2 Pin=U4-5
Added Net: Name=NetC11_2
Added Pin To Net: NetName=NetC12_1 Pin=C12-1
Added Pin To Net: NetName=NetC12_1 Pin=R5-1
Added Pin To Net: NetName=NetC12_1 Pin=U4-6
Added Net: Name=NetC12_1
Added Pin To Net: NetName=NetC14_1 Pin=C14-1
Added Pin To Net: NetName=NetC14_1 Pin=R7-1
Added Pin To Net: NetName=NetC14_1 Pin=U4-10
Added Net: Name=NetC14_1
Added Pin To Net: NetName=NetC15_1 Pin=C15-1
Added Pin To Net: NetName=NetC15_1 Pin=R8-2
Added Pin To Net: NetName=NetC15_1 Pin=U4-11
Added Net: Name=NetC15_1
Added Pin To Net: NetName=NetC16_2 Pin=C16-2
Added Pin To Net: NetName=NetC16_2 Pin=R9-1
Added Pin To Net: NetName=NetC16_2 Pin=R10-1
Added Pin To Net: NetName=NetC16_2 Pin=U4-12
Added Net: Name=NetC16_2
Added Member To Class: ClassName=CircuitoMedidorADE Member=Component C6 Cap Pol3
Added Member To Class: ClassName=CircuitoMedidorADE Member=Component C7 Cap
Added Member To Class: ClassName=CircuitoMedidorADE Member=Component C8 Cap Pol3
Added Member To Class: ClassName=CircuitoMedidorADE Member=Component C9 Cap
Added Member To Class: ClassName=CircuitoMedidorADE Member=Component C10 Cap
Added Member To Class: ClassName=CircuitoMedidorADE Member=Component C11 Cap
Added Member To Class: ClassName=CircuitoMedidorADE Member=Component C12 Cap
Added Member To Class: ClassName=CircuitoMedidorADE Member=Component C14 Cap
Added Member To Class: ClassName=CircuitoMedidorADE Member=Component C15 Cap
Added Member To Class: ClassName=CircuitoMedidorADE Member=Component C16 Cap
Added Member To Class: ClassName=CircuitoMedidorADE Member=Component R2 Res3
Added Member To Class: ClassName=CircuitoMedidorADE Member=Component R3 Res3
Added Member To Class: ClassName=CircuitoMedidorADE Member=Component R4 Res3
Added Member To Class: ClassName=CircuitoMedidorADE Member=Component R5 Res3
Added Member To Class: ClassName=CircuitoMedidorADE Member=Component R6 Res3
Added Member To Class: ClassName=CircuitoMedidorADE Member=Component R7 Res3
Added Member To Class: ClassName=CircuitoMedidorADE Member=Component R8 Res3
Added Member To Class: ClassName=CircuitoMedidorADE Member=Component R9 Res3
