Added Component: Designator=C1(C1206)
Added Component: Designator=C2(C1206)
Added Component: Designator=D1(SMB)
Added Component: Designator=L1(0402-A)
Added Component: Designator=P1(HDR1X4)
Added Component: Designator=P2(HDR1X4)
Added Component: Designator=P3(HDR1X4)
Added Component: Designator=P4(HDR1X4)
Added Component: Designator=U1(626-05)
Added Pin To Net: NetName=5V Pin=C2-2
Added Pin To Net: NetName=5V Pin=L1-1
Added Pin To Net: NetName=5V Pin=U1-1
Added Net: Name=5V
Added Pin To Net: NetName=GND Pin=C1-1
Added Pin To Net: NetName=GND Pin=C2-1
Added Pin To Net: NetName=GND Pin=D1-1
Added Pin To Net: NetName=GND Pin=P1-1
Added Pin To Net: NetName=GND Pin=U1-2
Added Pin To Net: NetName=GND Pin=U1-3
Added Pin To Net: NetName=GND Pin=U1-4
Added Net: Name=GND
Added Pin To Net: NetName=NetD1_2 Pin=D1-2
Added Pin To Net: NetName=NetD1_2 Pin=L1-2
Added Pin To Net: NetName=NetD1_2 Pin=U1-7
Added Net: Name=NetD1_2
Added Pin To Net: NetName=VCCIN Pin=C1-2
Added Pin To Net: NetName=VCCIN Pin=P1-4
Added Pin To Net: NetName=VCCIN Pin=U1-5
Added Net: Name=VCCIN
Added Class: Name=Hoja1
Added Room: Name=Hoja1
