Added Component: Designator=C1(C1206)
Added Component: Designator=C2(C1206)
Added Component: Designator=C3(C1206)
Added Component: Designator=C4(C1206)
Added Component: Designator=C5(C1206)
Added Component: Designator=C6(C0805)
Added Component: Designator=C7(1608[0603])
Added Component: Designator=C8(C0805)
Added Component: Designator=C9(1608[0603])
Added Component: Designator=C10(1608[0603])
Added Component: Designator=C11(C0805)
Added Component: Designator=C12(1608[0603])
Added Component: Designator=C13(1608[0603])
Added Component: Designator=C14(1608[0603])
Added Component: Designator=C15(1608[0603])
Added Component: Designator=C16(C0805)
Added Component: Designator=C17(1608[0603])
Added Component: Designator=C18(1608[0603])
Added Component: Designator=C19(1608[0603])
Added Component: Designator=C20(1608[0603])
Added Component: Designator=C21(C1206)
Added Component: Designator=C22(C1206)
Added Component: Designator=C23(C1206)
Added Component: Designator=C24(C1206)
Added Component: Designator=C25(C1206)
Added Component: Designator=D1(SMB)
Added Component: Designator=D2(3.2X1.6X1.1)
Added Component: Designator=D3(3.2X1.6X1.1)
Added Component: Designator=D4(SMB)
Added Component: Designator=Eth1(wiz8)
Added Component: Designator=L1(INDC4532)
Added Component: Designator=L2(INDC4532)
Added Component: Designator=P1(ConectorPrsr)
Added Component: Designator=P2(ConectorPrsr)
Added Component: Designator=P3(ConectorPrsr)
Added Component: Designator=P4(ConectorPrsr)
Added Component: Designator=P6(HDR2X7)
Added Component: Designator=Q1(SOT-23B_N)
Added Component: Designator=Q2(SOT-23B_N)
Added Component: Designator=Q3(E3)
Added Component: Designator=Q4(TO-226-AA)
Added Component: Designator=R1(J1-0603)
Added Component: Designator=R2(J1-0603)
Added Component: Designator=R3(J1-0603)
Added Component: Designator=R4(J1-0603)
Added Component: Designator=R5(J1-0603)
Added Component: Designator=R6(J1-0603)
Added Component: Designator=R7(J1-0603)
Added Component: Designator=R8(J1-0603)
Added Component: Designator=R9(J1-0603)
Added Component: Designator=R10(J1-0603)
Added Component: Designator=R11(J1-0603)
Added Component: Designator=R12(J1-0603)
Added Component: Designator=R13(J1-0603)
Added Component: Designator=R14(J1-0603)
Added Component: Designator=R15(J1-0603)
Added Component: Designator=Rel1(ReleSRD)
Added Component: Designator=U1(SOIC127P1033X264-14N)
Added Component: Designator=U2(MP04A_N)
Added Component: Designator=U3(QFP50P1200X1200X160-64N)
Added Component: Designator=U4(*LFCSP28_ADE7953(Primary))
Added Component: Designator=U5(*SOIC127P1032X265-16N)
Added Component: Designator=U6(*SOIC127P600X175-8N)
Added Component: Designator=U7(SOIC127P1033X264-14N)
Added Component: Designator=U8(MP04A_N)
Added Component: Designator=Y1(R38)
Added Component: Designator=Y2(R38)
Added Pin To Net: NetName=DCIN3 Pin=C1-1
Added Pin To Net: NetName=DCIN4 Pin=C1-2
Added Pin To Net: NetName=DCIN3 Pin=C2-1
Added Pin To Net: NetName=NetC2_2 Pin=C2-2
Added Pin To Net: NetName=DCIN3 Pin=C3-1
Added Pin To Net: NetName=V3V3 Pin=C3-2
Added Pin To Net: NetName=DCIN3 Pin=C4-1
Added Pin To Net: NetName=NetC4_2 Pin=C4-2
Added Pin To Net: NetName=DCIN3 Pin=C5-1
Added Pin To Net: NetName=V3V3 Pin=C5-2
Added Pin To Net: NetName=NetC6_1 Pin=C6-1
Added Pin To Net: NetName=ANALOG Pin=C6-2
Added Pin To Net: NetName=ANALOG Pin=C7-1
Added Pin To Net: NetName=NetC6_1 Pin=C7-2
Added Pin To Net: NetName=NetC8_1 Pin=C8-1
Added Pin To Net: NetName=DCIN1 Pin=C8-2
Added Pin To Net: NetName=DCIN1 Pin=C9-1
Added Pin To Net: NetName=NetC8_1 Pin=C9-2
Added Pin To Net: NetName=NetC10_1 Pin=C10-1
Added Pin To Net: NetName=CS Pin=C10-2
Added Pin To Net: NetName=CS Pin=C11-1
Added Pin To Net: NetName=ANALOG Pin=C11-2
Added Pin To Net: NetName=ANALOG Pin=C12-1
Added Pin To Net: NetName=CS Pin=C12-2
Added Pin To Net: NetName=DCIN1 Pin=C13-1
Added Pin To Net: NetName=NetC13_2 Pin=C13-2
Added Pin To Net: NetName=DCIN1 Pin=C14-1
Added Pin To Net: NetName=NetC14_2 Pin=C14-2
Added Pin To Net: NetName=ANALOG Pin=C15-1
Added Pin To Net: NetName=NetC15_2 Pin=C15-2
Added Pin To Net: NetName=NetC16_1 Pin=C16-1
Added Pin To Net: NetName=DCIN1 Pin=C16-2
Added Pin To Net: NetName=DCIN1 Pin=C17-1
Added Pin To Net: NetName=NetC16_1 Pin=C17-2
Added Pin To Net: NetName=NetC18_1 Pin=C18-1
Added Pin To Net: NetName=ANALOG Pin=C18-2
Added Pin To Net: NetName=ANALOG Pin=C19-1
Added Pin To Net: NetName=NetC19_2 Pin=C19-2
Added Pin To Net: NetName=NetC20_1 Pin=C20-1
Added Pin To Net: NetName=ANALOG Pin=C20-2
Added Pin To Net: NetName=SAL3 Pin=C21-1
Added Pin To Net: NetName=SAL4 Pin=C21-2
Added Pin To Net: NetName=DCIN3 Pin=C22-1
Added Pin To Net: NetName=NetC22_2 Pin=C22-2
Added Pin To Net: NetName=DCIN1 Pin=C23-1
Added Pin To Net: NetName=DCIN2 Pin=C23-2
Added Pin To Net: NetName=DCIN1 Pin=C24-1
Added Pin To Net: NetName=NetC24_2 Pin=C24-2
Added Pin To Net: NetName=DCIN1 Pin=C25-1
Added Pin To Net: NetName=CS Pin=C25-2
Added Pin To Net: NetName=DCIN3 Pin=D1-1
Added Pin To Net: NetName=OUTLM Pin=D1-2
Added Pin To Net: NetName=NetD2_1 Pin=D2-1
Added Pin To Net: NetName=DCIN1 Pin=D2-2
Added Pin To Net: NetName=NetD3_1 Pin=D3-1
Added Pin To Net: NetName=DCIN1 Pin=D3-2
Added Pin To Net: NetName=DCIN1 Pin=D4-1
Added Pin To Net: NetName=OUTLM Pin=D4-2
Added Pin To Net: NetName=DCIN3 Pin=Eth1-1
Added Pin To Net: NetName=DCIN3 Pin=Eth1-2
Added Pin To Net: NetName=NetEth1_3 Pin=Eth1-3
Added Pin To Net: NetName=NetEth1_4 Pin=Eth1-4
Added Pin To Net: NetName=NetEth1_5 Pin=Eth1-5
Added Pin To Net: NetName=NetEth1_6 Pin=Eth1-6
Added Pin To Net: NetName=DCIN3 Pin=Eth1-7
Added Pin To Net: NetName=V3V3 Pin=Eth1-8
Added Pin To Net: NetName=V3V3 Pin=Eth1-9
Added Pin To Net: NetName=NetEth1_10 Pin=Eth1-10
Added Pin To Net: NetName=NetEth1_11 Pin=Eth1-11
Added Pin To Net: NetName=NetEth1_12 Pin=Eth1-12
Added Pin To Net: NetName=NetC2_2 Pin=L1-1
Added Pin To Net: NetName=OUTLM Pin=L1-2
Added Pin To Net: NetName=NetC24_2 Pin=L2-1
Added Pin To Net: NetName=OUTLM Pin=L2-2
Added Pin To Net: NetName=DCIN1 Pin=P1-1
Added Pin To Net: NetName=DCIN2 Pin=P1-2
Added Pin To Net: NetName=DCIN3 Pin=P1-3
Added Pin To Net: NetName=DCIN4 Pin=P1-4
Added Pin To Net: NetName=NetP2_1 Pin=P2-1
Added Pin To Net: NetName=NetP2_1 Pin=P2-2
Added Pin To Net: NetName=NetP2_1 Pin=P2-3
Added Pin To Net: NetName=NetP2_1 Pin=P2-4
Added Pin To Net: NetName=NetP3_1 Pin=P3-1
Added Pin To Net: NetName=NetP3_2 Pin=P3-2
Added Pin To Net: NetName=SAL3 Pin=P3-3
Added Pin To Net: NetName=SAL4 Pin=P3-4
Added Pin To Net: NetName=CURRENT_MEASUREMENTB Pin=P4-1
Added Pin To Net: NetName=CURRENT_MEASUREMENTA Pin=P4-2
Added Pin To Net: NetName=ANALOG Pin=P4-3
Added Pin To Net: NetName=NetP4_4 Pin=P4-4
Added Pin To Net: NetName=MICRO_TD0_1 Pin=P6-1
Added Pin To Net: NetName=MICRO_TDI_1 Pin=P6-3
Added Pin To Net: NetName=MICRO_TMS_1 Pin=P6-5
Added Pin To Net: NetName=MICRO_TCK_1 Pin=P6-7
Added Pin To Net: NetName=MICRO_RTS_1 Pin=P6-11
Added Pin To Net: NetName=BSL_TX Pin=P6-12
Added Pin To Net: NetName=BSL_RX Pin=P6-14
Added Pin To Net: NetName=CS Pin=Q1-1
Added Pin To Net: NetName=NetQ1_2 Pin=Q1-2
Added Pin To Net: NetName=NetQ1_3 Pin=Q1-3
Added Pin To Net: NetName=CS Pin=Q2-1
Added Pin To Net: NetName=NetQ2_2 Pin=Q2-2
Added Pin To Net: NetName=NetQ2_3 Pin=Q2-3
Added Pin To Net: NetName=V3V3 Pin=Q3-1
Added Pin To Net: NetName=NetQ3_2 Pin=Q3-2
Added Pin To Net: NetName=NetQ3_3 Pin=Q3-3
Added Pin To Net: NetName=SAL4 Pin=Q4-1
Added Pin To Net: NetName=NetQ4_2 Pin=Q4-2
Added Pin To Net: NetName=NetQ4_3 Pin=Q4-3
Added Pin To Net: NetName=V3V3 Pin=R1-1
Added Pin To Net: NetName=MICRO_RTS_1 Pin=R1-2
Added Pin To Net: NetName=IRQAD Pin=R2-1
Added Pin To Net: NetName=CS Pin=R2-2
Added Pin To Net: NetName=NetR3_1 Pin=R3-1
Added Pin To Net: NetName=NetC8_1 Pin=R3-2
Added Pin To Net: NetName=NetP4_4 Pin=R4-1
Added Pin To Net: NetName=NetC15_2 Pin=R4-2
Added Pin To Net: NetName=ANALOG Pin=R5-1
Added Pin To Net: NetName=NetC15_2 Pin=R5-2
Added Pin To Net: NetName=NetC18_1 Pin=R6-1
Added Pin To Net: NetName=ANALOG Pin=R6-2
Added Pin To Net: NetName=RESETT Pin=R7-1
Added Pin To Net: NetName=CS Pin=R7-2
Added Pin To Net: NetName=NetC19_2 Pin=R8-1
Added Pin To Net: NetName=CURRENT_MEASUREMENTA Pin=R8-2
Added Pin To Net: NetName=NetQ1_2 Pin=R9-1
Added Pin To Net: NetName=CS Pin=R9-2
Added Pin To Net: NetName=NetQ2_2 Pin=R10-1
Added Pin To Net: NetName=CS Pin=R10-2
Added Pin To Net: NetName=CURRENT_MEASUREMENTA Pin=R11-1
Added Pin To Net: NetName=CURRENT_MEASUREMENTB Pin=R11-2
Added Pin To Net: NetName=NetC20_1 Pin=R12-1
Added Pin To Net: NetName=CURRENT_MEASUREMENTB Pin=R12-2
Added Pin To Net: NetName=NetD2_1 Pin=R13-1
Added Pin To Net: NetName=NetQ1_3 Pin=R13-2
Added Pin To Net: NetName=NetD3_1 Pin=R14-1
Added Pin To Net: NetName=NetQ2_3 Pin=R14-2
Added Pin To Net: NetName=NetR15_1 Pin=R15-1
Added Pin To Net: NetName=NetC22_2 Pin=R15-2
Added Pin To Net: NetName=NetQ3_3 Pin=Rel1-1
Added Pin To Net: NetName=NetP3_1 Pin=Rel1-2
Added Pin To Net: NetName=DCIN3 Pin=Rel1-3
Added Pin To Net: NetName=NetP3_2 Pin=Rel1-4
Added Pin To Net: NetName=NetC2_2 Pin=U1-3
Added Pin To Net: NetName=DCIN3 Pin=U1-4
Added Pin To Net: NetName=DCIN3 Pin=U1-5
Added Pin To Net: NetName=DCIN3 Pin=U1-6
Added Pin To Net: NetName=DCIN4 Pin=U1-10
Added Pin To Net: NetName=OUTLM Pin=U1-12
Added Pin To Net: NetName=DCIN3 Pin=U2-1
Added Pin To Net: NetName=V3V3 Pin=U2-2
Added Pin To Net: NetName=NetC2_2 Pin=U2-3
Added Pin To Net: NetName=V3V3 Pin=U3-1
Added Pin To Net: NetName=NetC4_2 Pin=U3-7
Added Pin To Net: NetName=CRYST0 Pin=U3-8
Added Pin To Net: NetName=NetU3_9 Pin=U3-9
Added Pin To Net: NetName=REF Pin=U3-10
Added Pin To Net: NetName=NEGATIVE_REF Pin=U3-11
Added Pin To Net: NetName=BSL_TX Pin=U3-13
Added Pin To Net: NetName=BSL_RX Pin=U3-22
Added Pin To Net: NetName=NetU3_30 Pin=U3-30
Added Pin To Net: NetName=NetU3_31 Pin=U3-31
Added Pin To Net: NetName=NetU3_32 Pin=U3-32
Added Pin To Net: NetName=NetU3_33 Pin=U3-33
Added Pin To Net: NetName=NetEth1_5 Pin=U3-44
Added Pin To Net: NetName=NetEth1_3 Pin=U3-45
Added Pin To Net: NetName=NetEth1_12 Pin=U3-46
Added Pin To Net: NetName=NetEth1_4 Pin=U3-47
Added Pin To Net: NetName=NetEth1_6 Pin=U3-48
Added Pin To Net: NetName=NetEth1_10 Pin=U3-49
Added Pin To Net: NetName=NetEth1_11 Pin=U3-50
Added Pin To Net: NetName=MICRO_TD0_1 Pin=U3-54
Added Pin To Net: NetName=MICRO_TDI_1 Pin=U3-55
Added Pin To Net: NetName=MICRO_TMS_1 Pin=U3-56
Added Pin To Net: NetName=MICRO_TCK_1 Pin=U3-57
Added Pin To Net: NetName=MICRO_RTS_1 Pin=U3-58
Added Pin To Net: NetName=NEGATIVE_REF Pin=U3-62
Added Pin To Net: NetName=DCIN3 Pin=U3-63
Added Pin To Net: NetName=V3V3 Pin=U3-64
Added Pin To Net: NetName=NetC10_1 Pin=U4-2
Added Pin To Net: NetName=NetR3_1 Pin=U4-3
Added Pin To Net: NetName=NetC19_2 Pin=U4-5
Added Pin To Net: NetName=NetC20_1 Pin=U4-6
Added Pin To Net: NetName=NetU4_9 Pin=U4-9
Added Pin To Net: NetName=NetU4_10 Pin=U4-10
Added Pin To Net: NetName=NetC18_1 Pin=U4-11
Added Pin To Net: NetName=NetC15_2 Pin=U4-12
Added Pin To Net: NetName=NetC6_1 Pin=U4-15
Added Pin To Net: NetName=ANALOG Pin=U4-16
Added Pin To Net: NetName=CS Pin=U4-17
Added Pin To Net: NetName=NetC13_2 Pin=U4-18
Added Pin To Net: NetName=NetU4_20 Pin=U4-20
Added Pin To Net: NetName=NetU4_21 Pin=U4-21
Added Pin To Net: NetName=NetQ1_2 Pin=U4-24
Added Pin To Net: NetName=DCIN1 Pin=U4-25
Added Pin To Net: NetName=MOSI_TX Pin=U4-26
Added Pin To Net: NetName=MISO_RX Pin=U4-27
Added Pin To Net: NetName=CS Pin=U4-28
Added Pin To Net: NetName=3V3 Pin=U5-1
Added Pin To Net: NetName=DCIN1 Pin=U5-2
Added Pin To Net: NetName=NetU3_30 Pin=U5-3
Added Pin To Net: NetName=NetU3_33 Pin=U5-4
Added Pin To Net: NetName=NetU3_31 Pin=U5-5
Added Pin To Net: NetName=NetU3_32 Pin=U5-6
Added Pin To Net: NetName=DCIN3 Pin=U5-7
Added Pin To Net: NetName=DCIN1 Pin=U5-8
Added Pin To Net: NetName=DCIN3 Pin=U5-9
Added Pin To Net: NetName=DCIN1 Pin=U5-10
Added Pin To Net: NetName=MOSI_TX Pin=U5-11
Added Pin To Net: NetName=IRQAD Pin=U5-12
Added Pin To Net: NetName=MISO_RX Pin=U5-13
Added Pin To Net: NetName=RESETT Pin=U5-14
Added Pin To Net: NetName=DCIN3 Pin=U5-15
Added Pin To Net: NetName=CS Pin=U5-16
Added Pin To Net: NetName=NetR15_1 Pin=U6-2
Added Pin To Net: NetName=DCIN3 Pin=U6-3
Added Pin To Net: NetName=SAL3 Pin=U6-4
Added Pin To Net: NetName=NetQ4_3 Pin=U6-5
Added Pin To Net: NetName=NetQ4_2 Pin=U6-6
Added Pin To Net: NetName=SAL4 Pin=U6-7
Added Pin To Net: NetName=NetC24_2 Pin=U7-3
Added Pin To Net: NetName=DCIN1 Pin=U7-4
Added Pin To Net: NetName=DCIN1 Pin=U7-5
Added Pin To Net: NetName=DCIN1 Pin=U7-6
Added Pin To Net: NetName=DCIN2 Pin=U7-10
Added Pin To Net: NetName=OUTLM Pin=U7-12
Added Pin To Net: NetName=DCIN1 Pin=U8-1
Added Pin To Net: NetName=CS Pin=U8-2
Added Pin To Net: NetName=NetC24_2 Pin=U8-3
Added Pin To Net: NetName=CRYST0 Pin=Y1-1
Added Pin To Net: NetName=NetU3_9 Pin=Y1-2
Added Pin To Net: NetName=NetC13_2 Pin=Y2-1
Added Pin To Net: NetName=NetC14_2 Pin=Y2-2
Added Member To Class: ClassName=Alimentacion Member=Component C1 Cap Semi
Added Member To Class: ClassName=Alimentacion Member=Component C2 Cap Semi
Added Member To Class: ClassName=Alimentacion Member=Component C3 Cap Semi
Added Member To Class: ClassName=Micro Member=Component C4 Cap Semi
Added Member To Class: ClassName=Micro Member=Component C5 Cap Semi
Added Member To Class: ClassName=CircuitoMedidorADE Member=Component C6 Cap Pol3
Added Member To Class: ClassName=CircuitoMedidorADE Member=Component C7 Cap
Added Member To Class: ClassName=CircuitoMedidorADE Member=Component C8 Cap Pol3
Added Member To Class: ClassName=CircuitoMedidorADE Member=Component C9 Cap
Added Member To Class: ClassName=CircuitoMedidorADE Member=Component C10 Cap
Added Member To Class: ClassName=CircuitoMedidorADE Member=Component C11 Cap Pol3
Added Member To Class: ClassName=CircuitoMedidorADE Member=Component C12 Cap
Added Member To Class: ClassName=CircuitoMedidorADE Member=Component C13 Cap
Added Member To Class: ClassName=CircuitoMedidorADE Member=Component C14 Cap
Added Member To Class: ClassName=ParteAnalogicaMedicion Member=Component C15 Cap
Added Member To Class: ClassName=CircuitoMedidorADE Member=Component C16 Cap Pol3
Added Member To Class: ClassName=CircuitoMedidorADE Member=Component C17 Cap
Added Member To Class: ClassName=ParteAnalogicaMedicion Member=Component C18 Cap
Added Member To Class: ClassName=ParteAnalogicaMedicion Member=Component C19 Cap
Added Member To Class: ClassName=ParteAnalogicaMedicion Member=Component C20 Cap
Added Member To Class: ClassName=comms Member=Component C21 Cap Semi
Added Member To Class: ClassName=comms Member=Component C22 Cap Semi
Added Member To Class: ClassName=Alimentacion Member=Component C23 Cap Semi
Added Member To Class: ClassName=Alimentacion Member=Component C24 Cap Semi
Added Member To Class: ClassName=Alimentacion Member=Component C25 Cap Semi
Added Member To Class: ClassName=Alimentacion Member=Component D1 D Schottky
Added Member To Class: ClassName=CircuitoMedidorADE Member=Component D2 LED2
Added Member To Class: ClassName=CircuitoMedidorADE Member=Component D3 LED2
Added Member To Class: ClassName=Alimentacion Member=Component D4 D Schottky
Added Member To Class: ClassName=comms Member=Component Eth1 wiz8
Added Member To Class: ClassName=Alimentacion Member=Component L1 Inductor
Added Member To Class: ClassName=Alimentacion Member=Component L2 Inductor
Added Member To Class: ClassName=Alimentacion Member=Component P1 Header 4
Added Member To Class: ClassName=Alimentacion Member=Component P2 Header 4
Added Member To Class: ClassName=comms Member=Component P3 Header 4
Added Member To Class: ClassName=ParteAnalogicaMedicion Member=Component P4 Header 4
Added Member To Class: ClassName=Micro Member=Component P6 Header 7X2
Added Member To Class: ClassName=CircuitoMedidorADE Member=Component Q1 PNP
Added Member To Class: ClassName=CircuitoMedidorADE Member=Component Q2 PNP
Added Member To Class: ClassName=comms Member=Component Q3 MOSFET-N
Added Member To Class: ClassName=comms Member=Component Q4 NPN 2N4922
Added Member To Class: ClassName=Micro Member=Component R1 Res3
Added Member To Class: ClassName=CircuitoMedidorADE Member=Component R2 Res3
Added Member To Class: ClassName=CircuitoMedidorADE Member=Component R3 Res3
Added Member To Class: ClassName=ParteAnalogicaMedicion Member=Component R4 Res3
Added Member To Class: ClassName=ParteAnalogicaMedicion Member=Component R5 Res3
Added Member To Class: ClassName=ParteAnalogicaMedicion Member=Component R6 Res3
Added Member To Class: ClassName=CircuitoMedidorADE Member=Component R7 Res3
Added Member To Class: ClassName=ParteAnalogicaMedicion Member=Component R8 Low tolerance resist
Added Member To Class: ClassName=CircuitoMedidorADE Member=Component R9 Res3
Added Member To Class: ClassName=CircuitoMedidorADE Member=Component R10 Res3
Added Member To Class: ClassName=ParteAnalogicaMedicion Member=Component R11 Res Shunt
Added Member To Class: ClassName=ParteAnalogicaMedicion Member=Component R12 Low tolerance resistor
Added Member To Class: ClassName=CircuitoMedidorADE Member=Component R13 Res3
Added Member To Class: ClassName=CircuitoMedidorADE Member=Component R14 Res3
Added Member To Class: ClassName=comms Member=Component R15 Res3
Added Member To Class: ClassName=comms Member=Component Rel1 SRD-03-VDC
Added Member To Class: ClassName=Alimentacion Member=Component U1 LM2574N-5
Added Member To Class: ClassName=Alimentacion Member=Component U2 LM1117IMPX-3.3
Added Member To Class: ClassName=Micro Member=Component U3 MSP430F2410TPMR
Added Member To Class: ClassName=CircuitoMedidorADE Member=Component U4 ADE7953
Added Member To Class: ClassName=CircuitoMedidorADE Member=Component U5 aDUM1412
Added Member To Class: ClassName=comms Member=Component U6 XTR115UA/2K5E4
Added Member To Class: ClassName=Alimentacion Member=Component U7 LM2574N-5
Added Member To Class: ClassName=Alimentacion Member=Component U8 LM1117IMPX-3.3
Added Member To Class: ClassName=Micro Member=Component Y1 XTAL
Added Member To Class: ClassName=CircuitoMedidorADE Member=Component Y2 XTAL 3.58MHZ
Added Room: Name=Alimentacion
Added Room: Name=CircuitoMedidorADE
Added Room: Name=comms
Added Room: Name=Micro
Added Room: Name=ParteAnalogicaMedicion
