Removed Pin From Net: NetName=V3V3 Pin=U9-1
Removed Pin From Net: NetName=GND_MICRO Pin=U9-4
Removed Pin From Net: NetName=NetR3_2 Pin=U9-8
Removed Pin From Net: NetName=NetU3_9 Pin=Y1-2
Removed Member From Class: ClassName=comms Member=U9
Change Component Comment : Designator=U3 Old Comment=MSP430F2410TPMR New Comment=MSP430F2418
Change Component Comment : Designator=R10 Old Comment=Small smd New Comment=Rb
Change Component Comment : Designator=R3 Old Comment=Small smd New Comment=Rpullup
Change Component Comment : Designator=R16 Old Comment=Small smd New Comment=RT
Change Component Designator: OldDesignator=R16 NewDesignator=R13
Added Component: Designator=C23(C1206)
Added Component: Designator=R16(J1-0603)
Added Component: Designator=U8(SO8_M)
Added Pin To Net: NetName=GND_MICRO Pin=C23-1
Added Pin To Net: NetName=V3V3 Pin=C23-2
Added Pin To Net: NetName=V3V3 Pin=R3-1
Added Pin To Net: NetName=V3V3 Pin=R10-1
Added Pin To Net: NetName=GND_MICRO Pin=R16-2
Added Pin To Net: NetName=NetR3_2 Pin=U8-1
Added Pin To Net: NetName=GND_MICRO Pin=U8-5
Added Pin To Net: NetName=V3V3 Pin=U8-8
Added Pin To Net: NetName=NetU3_9 Pin=Y1-1
Added Pin To Net: NetName=ISL_A Pin=P3-2
Added Pin To Net: NetName=ISL_A Pin=R10-2
Added Pin To Net: NetName=ISL_A Pin=R13-1
Added Pin To Net: NetName=ISL_A Pin=U8-6
Added Net: Name=ISL_A
Added Pin To Net: NetName=ISL_B Pin=P3-1
Added Pin To Net: NetName=ISL_B Pin=R13-2
Added Pin To Net: NetName=ISL_B Pin=R16-1
Added Pin To Net: NetName=ISL_B Pin=U8-7
Added Net: Name=ISL_B
Added Pin To Net: NetName=NetU3_8 Pin=U3-8
Added Pin To Net: NetName=NetU3_8 Pin=Y1-2
Added Net: Name=NetU3_8
Added Pin To Net: NetName=NetU3_25 Pin=U3-25
Added Pin To Net: NetName=NetU3_25 Pin=U8-4
Added Net: Name=NetU3_25
Added Pin To Net: NetName=NetU3_26 Pin=U3-26
Added Pin To Net: NetName=NetU3_26 Pin=U8-2
Added Net: Name=NetU3_26
Added Pin To Net: NetName=NetU3_27 Pin=U3-27
Added Pin To Net: NetName=NetU3_27 Pin=U8-3
Added Net: Name=NetU3_27
Added Member To Class: ClassName=comms Member=Component C23 Cap Semi
Added Member To Class: ClassName=comms Member=Component U8 ISL83485
