Removed Pin From Net: NetName=SAL4 Pin=Q4-1
Removed Pin From Net: NetName=REF Pin=U10-3
Change Component DesignItemId : Designator=D4 Old DesignItemId=Diode New DesignItemId=D Zener
Change Component Footprint: Designator=D4 Old Footprint=SMC New Footprint=DIODE-0.7
Change Component Comment : Designator=D4 Old Comment=SMA6F18A New Comment=BZT52C30-F
Added Component: Designator=C33(C0805)
Added Component: Designator=C34(1608[0603])
Added Component: Designator=D5(SMC)
Added Pin To Net: NetName=V3V3 Pin=C33-1
Added Pin To Net: NetName=AVSS Pin=C33-2
Added Pin To Net: NetName=V3V3 Pin=C34-1
Added Pin To Net: NetName=AVSS Pin=C34-2
Added Pin To Net: NetName=SAL4 Pin=D5-1
Added Pin To Net: NetName=REF Pin=U10-1
Added Pin To Net: NetName=NetD5_2 Pin=D5-2
Added Pin To Net: NetName=NetD5_2 Pin=Q4-1
Added Net: Name=NetD5_2
Added Member To Class: ClassName=comms Member=Component C33 Cap Pol3
Added Member To Class: ClassName=comms Member=Component C34 Cap
Added Member To Class: ClassName=comms Member=Component D5 sss14
