Added Component: Designator=R3(J1-0603)
Added Component: Designator=R10(J1-0603)
Added Component: Designator=R13(J1-0603)
Added Component: Designator=R16(J1-0603)
Added Component: Designator=R?(J1-0603)
Added Component: Designator=U9(NSO8_N)
Added Pin To Net: NetName=V3V3 Pin=U9-1
Added Pin To Net: NetName=DCIN3 Pin=U9-4
Change Net Name : Old Net Name=NetC2_2 New Net Name=V5
Added Pin To Net: NetName=NetR3_1 Pin=R3-1
Added Net: Name=NetR3_1
Added Pin To Net: NetName=NetR3_2 Pin=R3-2
Added Pin To Net: NetName=NetR3_2 Pin=U9-8
Added Net: Name=NetR3_2
Added Pin To Net: NetName=NetR10_1 Pin=R10-1
Added Net: Name=NetR10_1
Added Pin To Net: NetName=NetR10_2 Pin=R10-2
Added Pin To Net: NetName=NetR10_2 Pin=U9-7
Added Net: Name=NetR10_2
Added Pin To Net: NetName=NetR13_1 Pin=R13-1
Added Net: Name=NetR13_1
Added Pin To Net: NetName=NetR13_2 Pin=R13-2
Added Pin To Net: NetName=NetR13_2 Pin=U9-6
Added Net: Name=NetR13_2
Added Pin To Net: NetName=NetR16_1 Pin=R16-1
Added Net: Name=NetR16_1
Added Pin To Net: NetName=NetR16_2 Pin=R16-2
Added Pin To Net: NetName=NetR16_2 Pin=U9-5
Added Net: Name=NetR16_2
Added Pin To Net: NetName=NetR?_1 Pin=R?-1
Added Pin To Net: NetName=NetR?_1 Pin=U9-2
Added Net: Name=NetR?_1
Added Pin To Net: NetName=NetR?_2 Pin=R?-2
Added Net: Name=NetR?_2
Added Pin To Net: NetName=NetU3_34 Pin=U3-34
Added Pin To Net: NetName=NetU3_34 Pin=U9-3
Added Net: Name=NetU3_34
Added Member To Class: ClassName=comms Member=Component R3 Small smd
Added Member To Class: ClassName=comms Member=Component R10 Small smd
Added Member To Class: ClassName=comms Member=Component R13 Small smd
Added Member To Class: ClassName=comms Member=Component R16 Small smd
Added Member To Class: ClassName=comms Member=Component R? Small smd
Added Member To Class: ClassName=comms Member=Component U9 MAX3488AE
