Removed Pin From Net: NetName=SCLK Pin=C8-2
Removed Pin From Net: NetName=SCLK Pin=C9-1
Removed Pin From Net: NetName=SCLK Pin=C13-1
Removed Pin From Net: NetName=SCLK Pin=C14-1
Removed Pin From Net: NetName=AVSS Pin=C22-1
Removed Pin From Net: NetName=SCLK Pin=C26-1
Removed Pin From Net: NetName=SCLK Pin=C27-2
Removed Pin From Net: NetName=ISL_B Pin=P3-3
Removed Pin From Net: NetName=ISL_A Pin=P3-4
Removed Pin From Net: NetName=V3V3 Pin=Q3-3
Removed Pin From Net: NetName=V3V3 Pin=R17-1
Removed Pin From Net: NetName=NetQ3_2 Pin=R17-2
Removed Pin From Net: NetName=NetQ3_1 Pin=Rel1-1
Removed Pin From Net: NetName=AVSS Pin=Rel1-12
Removed Pin From Net: NetName=AVSS Pin=U3-11
Removed Pin From Net: NetName=AVSS Pin=U3-62
Removed Pin From Net: NetName=SCLK Pin=U4-14
Removed Pin From Net: NetName=SCLK Pin=U4-16
Removed Pin From Net: NetName=SCLK Pin=U4-25
Removed Pin From Net: NetName=SCLK Pin=U4-EXP
Removed Pin From Net: NetName=SCLK Pin=U5-9
Removed Pin From Net: NetName=SCLK Pin=U5-10
Removed Pin From Net: NetName=SCLK Pin=U5-15
Removed Pin From Net: NetName=AVSS Pin=U6-3
Removed Pin From Net: NetName=SCLK Pin=U7-9
Removed Pin From Net: NetName=SCLK Pin=U7-13
Removed Pin From Net: NetName=SCLK Pin=U7-15
Removed Pin From Net: NetName=AVSS Pin=U10-2
Removed Member From Class: ClassName=comms Member=R17
Change Component DesignItemId : Designator=Q3 Old DesignItemId=MOSFET-P New DesignItemId=NPN1
Change Component Footprint: Designator=Q3 Old Footprint=E3 New Footprint=TO-92
Change Component Comment : Designator=Q3 Old Comment=MOSFET-P New Comment=BCV27
Change Component Comment : Designator=U3 Old Comment=MSP430F2418 New Comment=MSP430F2618
Change Component Comment : Designator=R17 Old Comment=Rb New Comment=Res3
Added Component: Designator=C35(C1206)
Added Component: Designator=C36(C1206)
Added Component: Designator=C37(C1206)
Added Component: Designator=C38(C1206)
Added Component: Designator=D6(3.5X2.8X1.9)
Added Component: Designator=D7(3.5X2.8X1.9)
Added Component: Designator=D8(3.5X2.8X1.9)
Added Component: Designator=D9(3.5X2.8X1.9)
Added Component: Designator=D10(3.2X1.6X1.1)
Added Component: Designator=D11(3.2X1.6X1.1)
Added Component: Designator=Q1(E3)
Added Component: Designator=Q2(E3)
Added Component: Designator=R20(J1-0603)
Added Component: Designator=R21(J1-0603)
Added Component: Designator=R22(J1-0603)
Added Component: Designator=R23(J1-0603)
Added Component: Designator=R24(J1-0603)
Added Component: Designator=R25(J1-0603)
Added Component: Designator=R26(J1-0603)
Added Component: Designator=R27(J1-0603)
Added Component: Designator=R28(J1-0603)
Added Component: Designator=U11(751A-03_N)
Added Component: Designator=U12(MF05A_N)
Added Pin To Net: NetName=V3V3 Pin=C36-2
Added Pin To Net: NetName=REF Pin=C37-2
Added Pin To Net: NetName=REF Pin=C38-2
Added Pin To Net: NetName=AVSS Pin=D6-2
Added Pin To Net: NetName=AVSS Pin=D7-2
Added Pin To Net: NetName=AVSS Pin=D8-2
Added Pin To Net: NetName=AVSS Pin=D9-2
Added Pin To Net: NetName=ISL_B Pin=P2-3
Added Pin To Net: NetName=ISL_A Pin=P2-4
Added Pin To Net: NetName=AVSS Pin=P3-1
Added Pin To Net: NetName=AVSS Pin=P3-2
Added Pin To Net: NetName=3VINDEPENDNT Pin=Q1-3
Added Pin To Net: NetName=3VINDEPENDNT Pin=Q2-3
Added Pin To Net: NetName=AVSS Pin=Q3-3
Added Pin To Net: NetName=AVSS Pin=R17-1
Added Pin To Net: NetName=V5 Pin=Rel1-1
Added Pin To Net: NetName=NetQ3_1 Pin=Rel1-12
Added Pin To Net: NetName=AVSS Pin=U11-7
Added Pin To Net: NetName=V5 Pin=U11-14
Added Pin To Net: NetName=V5 Pin=U12-5
Change Net Name : Old Net Name=3VINDEPENDNT New Net Name=M_V3V3
Change Net Name : Old Net Name=AVSS New Net Name=GND
Change Net Name : Old Net Name=SAL3 New Net Name=SAL4
Change Net Name : Old Net Name=SAL4 New Net Name=SAL3
Change Net Name : Old Net Name=SCLK New Net Name=ANALOG
Added Pin To Net: NetName=AVSS Pin=C22-1
Added Pin To Net: NetName=AVSS Pin=C35-1
Added Pin To Net: NetName=AVSS Pin=C36-1
Added Pin To Net: NetName=AVSS Pin=C37-1
Added Pin To Net: NetName=AVSS Pin=C38-1
Added Pin To Net: NetName=AVSS Pin=R17-2
Added Pin To Net: NetName=AVSS Pin=U3-11
Added Pin To Net: NetName=AVSS Pin=U3-62
Added Pin To Net: NetName=AVSS Pin=U6-3
Added Pin To Net: NetName=AVSS Pin=U10-2
Added Pin To Net: NetName=AVSS Pin=U12-2
Added Net: Name=AVSS
Added Pin To Net: NetName=INXTR Pin=C22-2
Added Pin To Net: NetName=INXTR Pin=C35-2
Added Pin To Net: NetName=INXTR Pin=R15-2
Added Pin To Net: NetName=INXTR Pin=U12-3
Added Pin To Net: NetName=INXTR Pin=U12-4
Added Net: Name=INXTR
Added Pin To Net: NetName=NetD6_1 Pin=D6-1
Added Pin To Net: NetName=NetD6_1 Pin=R21-1
Added Net: Name=NetD6_1
Added Pin To Net: NetName=NetD7_1 Pin=D7-1
Added Pin To Net: NetName=NetD7_1 Pin=R22-1
Added Net: Name=NetD7_1
Added Pin To Net: NetName=NetD8_1 Pin=D8-1
Added Pin To Net: NetName=NetD8_1 Pin=R23-1
Added Net: Name=NetD8_1
Added Pin To Net: NetName=NetD9_1 Pin=D9-1
Added Pin To Net: NetName=NetD9_1 Pin=R24-1
Added Net: Name=NetD9_1
Added Pin To Net: NetName=NetD10_1 Pin=D10-1
Added Pin To Net: NetName=NetD10_1 Pin=R27-1
Added Net: Name=NetD10_1
Added Pin To Net: NetName=NetD11_1 Pin=D11-1
Added Pin To Net: NetName=NetD11_1 Pin=R28-1
Added Net: Name=NetD11_1
Added Pin To Net: NetName=NetP1_3 Pin=P1-3
Added Pin To Net: NetName=NetP1_3 Pin=Rel1-4
Added Net: Name=NetP1_3
Added Pin To Net: NetName=NetP1_4 Pin=P1-4
Added Pin To Net: NetName=NetP1_4 Pin=Rel1-5
Added Net: Name=NetP1_4
Added Pin To Net: NetName=NetQ1_1 Pin=Q1-1
Added Pin To Net: NetName=NetQ1_1 Pin=R27-2
Added Net: Name=NetQ1_1
Added Pin To Net: NetName=NetQ1_2 Pin=Q1-2
Added Pin To Net: NetName=NetQ1_2 Pin=R25-1
Added Net: Name=NetQ1_2
Added Pin To Net: NetName=NetQ2_1 Pin=Q2-1
Added Pin To Net: NetName=NetQ2_1 Pin=R28-2
Added Net: Name=NetQ2_1
Added Pin To Net: NetName=NetQ2_2 Pin=Q2-2
Added Pin To Net: NetName=NetQ2_2 Pin=R26-1
Added Net: Name=NetQ2_2
Added Pin To Net: NetName=NetR20_2 Pin=R20-2
Added Pin To Net: NetName=NetR20_2 Pin=U4-14
Added Pin To Net: NetName=NetR20_2 Pin=U4-16
Added Pin To Net: NetName=NetR20_2 Pin=U4-EXP
Added Net: Name=NetR20_2
Added Pin To Net: NetName=NetR21_2 Pin=R21-2
Added Pin To Net: NetName=NetR21_2 Pin=U11-2
Added Net: Name=NetR21_2
Added Pin To Net: NetName=NetR22_2 Pin=R22-2
Added Pin To Net: NetName=NetR22_2 Pin=U11-4
Added Net: Name=NetR22_2
Added Pin To Net: NetName=NetR23_2 Pin=R23-2
Added Pin To Net: NetName=NetR23_2 Pin=U11-6
Added Net: Name=NetR23_2
Added Pin To Net: NetName=NetR24_2 Pin=R24-2
Added Pin To Net: NetName=NetR24_2 Pin=U11-8
Added Net: Name=NetR24_2
Added Pin To Net: NetName=NetR25_2 Pin=R25-2
Added Pin To Net: NetName=NetR25_2 Pin=U4-24
Added Net: Name=NetR25_2
Added Pin To Net: NetName=NetU3_2 Pin=U3-2
Added Pin To Net: NetName=NetU3_2 Pin=U11-9
Added Net: Name=NetU3_2
Added Pin To Net: NetName=NetU3_5 Pin=U3-5
Added Pin To Net: NetName=NetU3_5 Pin=U12-1
Added Net: Name=NetU3_5
Added Pin To Net: NetName=NetU3_59 Pin=U3-59
Added Pin To Net: NetName=NetU3_59 Pin=U11-1
Added Net: Name=NetU3_59
Added Pin To Net: NetName=NetU3_60 Pin=U3-60
Added Pin To Net: NetName=NetU3_60 Pin=U11-3
Added Net: Name=NetU3_60
Added Pin To Net: NetName=NetU3_61 Pin=U3-61
Added Pin To Net: NetName=NetU3_61 Pin=U11-5
Added Net: Name=NetU3_61
Added Pin To Net: NetName=RS232 RECIEVE DATA Pin=P3-3
Added Pin To Net: NetName=RS232 RECIEVE DATA Pin=U9-16
Added Net: Name=RS232 RECIEVE DATA
Added Pin To Net: NetName=RS232 TRANSMIT DATA Pin=P3-4
Added Pin To Net: NetName=RS232 TRANSMIT DATA Pin=U9-17
Added Net: Name=RS232 TRANSMIT DATA
Added Pin To Net: NetName=SCLK Pin=C8-2
Added Pin To Net: NetName=SCLK Pin=C9-1
Added Pin To Net: NetName=SCLK Pin=C13-1
Added Pin To Net: NetName=SCLK Pin=C14-1
Added Pin To Net: NetName=SCLK Pin=C26-1
Added Pin To Net: NetName=SCLK Pin=C27-2
Added Pin To Net: NetName=SCLK Pin=D10-2
Added Pin To Net: NetName=SCLK Pin=D11-2
Added Pin To Net: NetName=SCLK Pin=R20-1
Added Pin To Net: NetName=SCLK Pin=U4-4
Added Pin To Net: NetName=SCLK Pin=U4-25
Added Pin To Net: NetName=SCLK Pin=U5-9
Added Pin To Net: NetName=SCLK Pin=U5-10
Added Pin To Net: NetName=SCLK Pin=U5-15
Added Pin To Net: NetName=SCLK Pin=U7-9
Added Pin To Net: NetName=SCLK Pin=U7-13
Added Pin To Net: NetName=SCLK Pin=U7-15
Added Net: Name=SCLK
Added Class: Name=LedsYOtros
Added Member To Class: ClassName=comms Member=Component C35 Cap Semi
Added Member To Class: ClassName=Micro Member=Component C36 Cap input
Added Member To Class: ClassName=Micro Member=Component C37 Cap out
Added Member To Class: ClassName=Micro Member=Component C38 C
Added Member To Class: ClassName=CircuitoMedidorADE Member=Component D10 LED2
Added Member To Class: ClassName=CircuitoMedidorADE Member=Component D11 LED2
Added Member To Class: ClassName=CircuitoMedidorADE Member=Component Q1 BCV26
Added Member To Class: ClassName=CircuitoMedidorADE Member=Component Q2 BCV26
Added Member To Class: ClassName=Micro Member=Component R17 Res3
Added Member To Class: ClassName=CircuitoMedidorADE Member=Component R20 Res3
Added Member To Class: ClassName=CircuitoMedidorADE Member=Component R25 Rb
Added Member To Class: ClassName=CircuitoMedidorADE Member=Component R26 Rb
Added Member To Class: ClassName=CircuitoMedidorADE Member=Component R27 Res3
Added Member To Class: ClassName=CircuitoMedidorADE Member=Component R28 Res3
Added Member To Class: ClassName=comms Member=Component U12 LPV321M5
Added Room: Name=LedsYOtros
